{"ID":"9A24FBC5-9D48-4C8F-8A7C-CA32B5EB74DF","NAME":"ERICK-0 IS EVEN","AT":1653073869848}
{"ID":"8CAAAB84-5C0E-4235-8160-AD301DDDEF38","NAME":"ERICK-2 IS EVEN","AT":1653073869848}
{"ID":"182B9A04-8EA2-4FC3-A0FD-E80E2EE5808C","NAME":"ERICK-4 IS EVEN","AT":1653073869848}
{"ID":"73DD6AC2-E94F-4A0D-B364-F7180458F7AE","NAME":"ERICK-6 IS EVEN","AT":1653073869848}
{"ID":"A30D6E63-C91F-4080-B960-5F3DB5996115","NAME":"ERICK-8 IS EVEN","AT":1653073869848}
{"ID":"A7607E87-5AB3-461B-89B9-0A12B505B0D1","NAME":"ERICK-10 IS EVEN","AT":1653073869848}
{"ID":"9E4F1389-4A69-4A8A-A092-D069A041E994","NAME":"ERICK-12 IS EVEN","AT":1653073869848}
{"ID":"6CD7E1BC-500C-4A5E-8CA4-D653FC1C4D8F","NAME":"ERICK-14 IS EVEN","AT":1653073869848}
{"ID":"6EDDFC89-CE3D-4304-9A20-DD8D0D54CC9D","NAME":"ERICK-16 IS EVEN","AT":1653073869848}
{"ID":"85A186A3-73C5-49A3-AFD5-6FD388D5CAC2","NAME":"ERICK-18 IS EVEN","AT":1653073869848}
{"ID":"4C28749C-3E1C-47B2-83D7-BB71A5187174","NAME":"ERICK-20 IS EVEN","AT":1653073869848}
{"ID":"C226740C-46D9-4E3E-A281-B78EDBB05012","NAME":"ERICK-22 IS EVEN","AT":1653073869848}
{"ID":"47E5858F-431A-4911-ACC8-61DE3A9C76EB","NAME":"ERICK-24 IS EVEN","AT":1653073869848}
{"ID":"CC5EBFD1-430C-486A-B5E9-9A6FA86681E1","NAME":"ERICK-26 IS EVEN","AT":1653073869848}
{"ID":"1A7800E2-541A-46F4-9A83-AD9F1902825D","NAME":"ERICK-28 IS EVEN","AT":1653073869848}
{"ID":"DCD688F3-69D2-4B8D-B17C-5B5C391909A8","NAME":"ERICK-30 IS EVEN","AT":1653073869848}
{"ID":"BB3D72DB-AD48-4295-834A-F339DB72A679","NAME":"ERICK-32 IS EVEN","AT":1653073869848}
{"ID":"7E7C4886-F19A-4065-979B-7522E3A9835B","NAME":"ERICK-34 IS EVEN","AT":1653073869848}
{"ID":"195C9904-3A89-484F-8AFD-023ED6DF391B","NAME":"ERICK-36 IS EVEN","AT":1653073869848}
{"ID":"5D062395-377D-4EF1-BED9-C91FC9D49BB8","NAME":"ERICK-38 IS EVEN","AT":1653073869848}
{"ID":"5D72120F-E94D-4C3B-94D0-DDF3C53EC484","NAME":"ERICK-40 IS EVEN","AT":1653073869848}
{"ID":"DA3A1AB0-0197-4CE8-8D7F-F3FA68902CE4","NAME":"ERICK-42 IS EVEN","AT":1653073869849}
{"ID":"C1147975-2659-4498-BF6C-BA2698C21C96","NAME":"ERICK-44 IS EVEN","AT":1653073869849}
{"ID":"9C56AF5B-7D8E-45D6-9C4A-10F63028B5D0","NAME":"ERICK-46 IS EVEN","AT":1653073869849}
{"ID":"BD75762C-9E4E-4D9F-851C-606E05B6F184","NAME":"ERICK-48 IS EVEN","AT":1653073869849}
{"ID":"5F2CD4E9-08A7-4E88-9929-E709387F8FB5","NAME":"ERICK-50 IS EVEN","AT":1653073869849}
{"ID":"D69AD49E-4B3E-4407-AC16-28C12E8D34FE","NAME":"ERICK-52 IS EVEN","AT":1653073869849}
{"ID":"1816FF1B-1BF6-44E6-8F9E-0C804FAD6831","NAME":"ERICK-54 IS EVEN","AT":1653073869849}
{"ID":"55121B03-566D-4664-BA3B-83C38334357D","NAME":"ERICK-56 IS EVEN","AT":1653073869849}
{"ID":"641E9569-9AF2-40C4-94F0-1B103DAEDBCA","NAME":"ERICK-58 IS EVEN","AT":1653073869849}
{"ID":"A5020C03-AA21-4F04-B453-B263DCF8BAA1","NAME":"ERICK-60 IS EVEN","AT":1653073869849}
{"ID":"6FB632D8-6B57-4FB7-AD73-69688E99786B","NAME":"ERICK-62 IS EVEN","AT":1653073869849}
{"ID":"D928C85D-2BE0-4940-B96D-71406F2DE7A8","NAME":"ERICK-64 IS EVEN","AT":1653073869849}
{"ID":"022D6EA4-084F-44A5-A3B3-4089DE656C90","NAME":"ERICK-66 IS EVEN","AT":1653073869849}
{"ID":"ACECCE00-BAA5-40A9-8A92-84DF7637A85B","NAME":"ERICK-68 IS EVEN","AT":1653073869849}
{"ID":"D6B6518F-B69C-4841-88F7-726B24B8E288","NAME":"ERICK-70 IS EVEN","AT":1653073869849}
{"ID":"C93B3D10-C727-4455-AB48-F0D02940E885","NAME":"ERICK-72 IS EVEN","AT":1653073869849}
{"ID":"027DB6D0-41FA-474D-9169-5E4A2D1B0AB6","NAME":"ERICK-74 IS EVEN","AT":1653073869849}
{"ID":"E5C4640B-8CCB-40AB-818E-ED571E9B2F50","NAME":"ERICK-76 IS EVEN","AT":1653073869849}
{"ID":"033C78B4-982E-46EB-A152-F1E6BC179B2C","NAME":"ERICK-78 IS EVEN","AT":1653073869849}
{"ID":"AAE55692-3679-4828-B317-2340286F0590","NAME":"ERICK-80 IS EVEN","AT":1653073869849}
{"ID":"161BC6E6-8582-4DBC-8EF3-BD5AA867A3AF","NAME":"ERICK-82 IS EVEN","AT":1653073869849}
{"ID":"AAFD2C30-FABA-49A2-9A26-93D5D97ABA72","NAME":"ERICK-84 IS EVEN","AT":1653073869849}
{"ID":"2DBD68AD-A58C-406B-987D-892648E6AB12","NAME":"ERICK-86 IS EVEN","AT":1653073869849}
{"ID":"5C3DC1ED-C8F4-4ADC-92AE-12203AF61471","NAME":"ERICK-88 IS EVEN","AT":1653073869849}
{"ID":"E3C5A6E3-1B2C-4299-979D-69B26CE82178","NAME":"ERICK-90 IS EVEN","AT":1653073869849}
{"ID":"CE893F3C-8890-434B-8379-8CDEDC1038A5","NAME":"ERICK-92 IS EVEN","AT":1653073869849}
{"ID":"92CCE579-B8FA-411F-ABFF-163451DF6DDF","NAME":"ERICK-94 IS EVEN","AT":1653073869849}
{"ID":"B8F8C3C8-47D2-4E61-82B8-244C2459D9C9","NAME":"ERICK-96 IS EVEN","AT":1653073869849}
{"ID":"EEE887E2-3B25-49E0-BBD3-C20DC33629B1","NAME":"ERICK-98 IS EVEN","AT":1653073869849}
{"ID":"F013A008-4EA2-4460-A754-0186A56D2A9F","NAME":"ERICK-0 IS EVEN","AT":1653073875025}
{"ID":"B2571FB2-0DAD-4238-8251-26B81AFFE7C8","NAME":"ERICK-2 IS EVEN","AT":1653073875025}
{"ID":"BA5961AD-7854-4144-8E44-351E45A07C59","NAME":"ERICK-4 IS EVEN","AT":1653073875025}
{"ID":"82EC4042-00E7-4532-A240-D5AD609D4913","NAME":"ERICK-6 IS EVEN","AT":1653073875025}
{"ID":"1DA86507-96D6-4339-BD0B-820E259CB5EC","NAME":"ERICK-8 IS EVEN","AT":1653073875025}
{"ID":"5EE36FC9-8307-441D-8D3A-34DD73968928","NAME":"ERICK-10 IS EVEN","AT":1653073875025}
{"ID":"993EAB37-BBFE-4FC0-81D3-F1FFE263E413","NAME":"ERICK-12 IS EVEN","AT":1653073875025}
{"ID":"13CC8385-A6FD-408D-8A77-0FD024A756EC","NAME":"ERICK-14 IS EVEN","AT":1653073875025}
{"ID":"7BFBCE00-9834-4D18-AA48-E6BD311D454C","NAME":"ERICK-16 IS EVEN","AT":1653073875025}
{"ID":"4114EC73-579B-475B-A7AE-D9F86DD98538","NAME":"ERICK-18 IS EVEN","AT":1653073875025}
{"ID":"BCF17C30-CA24-4EA9-8844-3D1071D2613F","NAME":"ERICK-20 IS EVEN","AT":1653073875026}
{"ID":"2DA53801-81B2-4D52-AC75-4B79219723B3","NAME":"ERICK-22 IS EVEN","AT":1653073875026}
{"ID":"688ACD7E-E10C-4421-8824-2033E0321FA8","NAME":"ERICK-24 IS EVEN","AT":1653073875026}
{"ID":"459FA90B-2CF2-48E0-A3F0-4742E01F3C1E","NAME":"ERICK-26 IS EVEN","AT":1653073875026}
{"ID":"034346A2-E09B-47D2-9166-6B94DB574B36","NAME":"ERICK-28 IS EVEN","AT":1653073875026}
{"ID":"2D9711BD-F859-4701-8F4D-EF06066400D2","NAME":"ERICK-30 IS EVEN","AT":1653073875026}
{"ID":"38C2E43D-76EC-45F2-B328-954AFCBDDB2E","NAME":"ERICK-32 IS EVEN","AT":1653073875026}
{"ID":"1D94297C-C9FD-48B3-BE2C-981422EBCDE6","NAME":"ERICK-34 IS EVEN","AT":1653073875026}
{"ID":"BFF5520B-BDE8-42C6-9E8C-259E00629825","NAME":"ERICK-36 IS EVEN","AT":1653073875026}
{"ID":"36BA2398-89CF-4EF8-9F3C-FA052D2BFE34","NAME":"ERICK-38 IS EVEN","AT":1653073875026}
{"ID":"F7AF6495-63F5-4C28-85D2-41455C903C55","NAME":"ERICK-40 IS EVEN","AT":1653073875026}
{"ID":"3549A153-AFC2-4CC0-A1FE-1BE8F0357296","NAME":"ERICK-42 IS EVEN","AT":1653073875026}
{"ID":"AFAA71D7-7AB0-4ADE-8DD2-48CA5C65C062","NAME":"ERICK-44 IS EVEN","AT":1653073875026}
{"ID":"3928BAC0-6171-4825-ABFA-3FC942609042","NAME":"ERICK-46 IS EVEN","AT":1653073875026}
{"ID":"86C88275-5F7D-42FF-8046-009BCDCF20EC","NAME":"ERICK-48 IS EVEN","AT":1653073875026}
{"ID":"977433C0-DF3C-4659-9BCE-5630FD93B982","NAME":"ERICK-50 IS EVEN","AT":1653073875026}
{"ID":"3F01F04C-3416-4100-A2B6-2B41A022124D","NAME":"ERICK-52 IS EVEN","AT":1653073875026}
{"ID":"4477184A-3FEA-4342-B44D-82CCC511EA29","NAME":"ERICK-54 IS EVEN","AT":1653073875026}
{"ID":"5AE8D3DA-F716-4688-B6EA-58D6B7455F25","NAME":"ERICK-56 IS EVEN","AT":1653073875026}
{"ID":"FD199612-F030-45B4-9DD4-361F7254C759","NAME":"ERICK-58 IS EVEN","AT":1653073875026}
{"ID":"E7E2AF73-A37E-4AB4-ABC7-782CD5172E8B","NAME":"ERICK-60 IS EVEN","AT":1653073875026}
{"ID":"4394C691-0A29-48DD-BA09-F87A8EED3E7C","NAME":"ERICK-62 IS EVEN","AT":1653073875026}
{"ID":"43424AA1-DFED-4610-ADAB-306442D48215","NAME":"ERICK-64 IS EVEN","AT":1653073875026}
{"ID":"28BEFF0D-F710-46B1-875B-9EFAAB7059A7","NAME":"ERICK-66 IS EVEN","AT":1653073875026}
{"ID":"479F75A7-6E10-4A60-BD82-A2CD74D02933","NAME":"ERICK-68 IS EVEN","AT":1653073875026}
{"ID":"DD574B8F-686E-4A4C-BF53-65373C246A1E","NAME":"ERICK-70 IS EVEN","AT":1653073875026}
{"ID":"2A4641AC-E806-4F9F-9566-5079AD694AE8","NAME":"ERICK-72 IS EVEN","AT":1653073875026}
{"ID":"2E69AADD-83AC-4E12-B8AD-63A5539CFEC9","NAME":"ERICK-74 IS EVEN","AT":1653073875026}
{"ID":"AB85FEB7-A693-45E2-B954-CEC1E303F800","NAME":"ERICK-76 IS EVEN","AT":1653073875026}
{"ID":"839C6BD5-AE1B-48FF-9373-1A7779A19D46","NAME":"ERICK-78 IS EVEN","AT":1653073875026}
{"ID":"DE43F9D1-A1AC-46C0-864B-C0353569837F","NAME":"ERICK-80 IS EVEN","AT":1653073875026}
{"ID":"0AF4C9C1-0742-4A4C-A04F-341A02AB2970","NAME":"ERICK-82 IS EVEN","AT":1653073875026}
{"ID":"82A9F1EF-C97B-4C38-BB4A-0BD566EC38DA","NAME":"ERICK-84 IS EVEN","AT":1653073875026}
{"ID":"1F9E65AB-EEA7-4CFB-84D5-50D0C7FEABE8","NAME":"ERICK-86 IS EVEN","AT":1653073875026}
{"ID":"F7C001CB-DE7F-4F81-ACCE-9E7C0FF26687","NAME":"ERICK-88 IS EVEN","AT":1653073875026}
{"ID":"69F22664-73BB-45F2-85FD-FE61C6C78F61","NAME":"ERICK-90 IS EVEN","AT":1653073875026}
{"ID":"BC0C2F2D-C94F-4C5B-A34E-FE6551B71547","NAME":"ERICK-92 IS EVEN","AT":1653073875026}
{"ID":"DE4549F3-6FCA-4454-AAD0-9A2BC87587D1","NAME":"ERICK-94 IS EVEN","AT":1653073875026}
{"ID":"A497ECBE-A40A-415C-B766-8753778FC586","NAME":"ERICK-96 IS EVEN","AT":1653073875026}
{"ID":"7AD316F8-696A-4368-AF13-68F8ABD9675E","NAME":"ERICK-98 IS EVEN","AT":1653073875026}
