{"ID":"04F99BF2-853A-435D-9757-A161C9FE5D83","NAME":"ERICK-0 IS EVEN"}
{"ID":"0C2BA1EE-2B4D-40C8-AE1E-1DE3AA259333","NAME":"ERICK-2 IS EVEN"}
{"ID":"818893A0-1A5C-4DF9-8F9C-A5F3AA2D4273","NAME":"ERICK-4 IS EVEN"}
{"ID":"67B86B3A-1988-4A03-9F5C-EA76CB27B46F","NAME":"ERICK-6 IS EVEN"}
{"ID":"C5E34A4D-D76C-415B-B344-5F6516C65564","NAME":"ERICK-8 IS EVEN"}
{"ID":"09D807D0-8144-42A3-86B8-7C1C7B8A8750","NAME":"ERICK-10 IS EVEN"}
{"ID":"27A2FA5A-416C-4E57-A09F-465B595BA59D","NAME":"ERICK-12 IS EVEN"}
{"ID":"98C05CD0-0906-40ED-B67F-44956DE5391E","NAME":"ERICK-14 IS EVEN"}
{"ID":"0FA18068-EB1D-40A2-95B9-E20A6ADFE2C6","NAME":"ERICK-16 IS EVEN"}
{"ID":"DEB17325-7D0E-44F0-A9FA-3A3120772FFB","NAME":"ERICK-18 IS EVEN"}
{"ID":"BAFA745C-983D-44F8-AAAB-DCF26A329986","NAME":"ERICK-20 IS EVEN"}
{"ID":"D258EF5C-01E5-4491-8FDD-BD80B1B112EC","NAME":"ERICK-22 IS EVEN"}
{"ID":"A78C673D-0BC8-42D0-9774-937F63D50F80","NAME":"ERICK-24 IS EVEN"}
{"ID":"572505F7-FBC4-41BF-B38C-557FC8A89764","NAME":"ERICK-26 IS EVEN"}
{"ID":"C84ADED0-4BB0-4B80-B859-36BC475FB606","NAME":"ERICK-28 IS EVEN"}
{"ID":"F17B7CC6-6AD1-41E7-849F-E0220DEEDE72","NAME":"ERICK-30 IS EVEN"}
{"ID":"34BC3A1F-F5FD-47AD-8F68-FACB6A0612E5","NAME":"ERICK-32 IS EVEN"}
{"ID":"30F6A143-13DE-4B85-B4AA-B750C51DF44A","NAME":"ERICK-34 IS EVEN"}
{"ID":"5DCF3F52-1EE7-42C9-8B65-913E994DE916","NAME":"ERICK-36 IS EVEN"}
{"ID":"489C6352-3393-4966-B626-FA7EDBBBD02D","NAME":"ERICK-38 IS EVEN"}
{"ID":"F51ED8CF-3817-4884-A730-FF02F118DBC5","NAME":"ERICK-40 IS EVEN"}
{"ID":"732BE976-1E45-4733-A15F-C0713B605FA3","NAME":"ERICK-42 IS EVEN"}
{"ID":"E7AA5EA1-CB55-4A34-B20E-D240F6EA3ED9","NAME":"ERICK-44 IS EVEN"}
{"ID":"9E1102E6-11E7-48C1-8D03-087EBA7D1229","NAME":"ERICK-46 IS EVEN"}
{"ID":"4566D5F8-732B-4843-B1CE-08907EB113A6","NAME":"ERICK-48 IS EVEN"}
{"ID":"8CAFF3E4-80BA-4E34-824E-5D0B5997D96E","NAME":"ERICK-50 IS EVEN"}
{"ID":"17CE7FB1-CF45-4FBD-9427-026E6DD663B0","NAME":"ERICK-52 IS EVEN"}
{"ID":"B7A8B357-3512-465D-88D0-0BEA8CDE3ECB","NAME":"ERICK-54 IS EVEN"}
{"ID":"0D3F6C0B-9884-40EB-BB51-BD9DFE841B27","NAME":"ERICK-56 IS EVEN"}
{"ID":"E8868CB8-133A-4BC7-8C5C-9F780DF81DCA","NAME":"ERICK-58 IS EVEN"}
{"ID":"C5FEE268-8F84-4107-B4F6-CF8C4BACAFDD","NAME":"ERICK-60 IS EVEN"}
{"ID":"4CDB008C-D387-4643-8584-39E02C0A31B1","NAME":"ERICK-62 IS EVEN"}
{"ID":"1FEF6D77-742F-4AA4-A013-CBF722FB2BC6","NAME":"ERICK-64 IS EVEN"}
{"ID":"BC71C487-C583-423D-BC0F-C15CE1E254F6","NAME":"ERICK-66 IS EVEN"}
{"ID":"7B48D2AD-2772-435A-AFA9-6DADB2D5D5FA","NAME":"ERICK-68 IS EVEN"}
{"ID":"5F6FFF36-E7B0-4CBE-AB35-A23D8B591FF4","NAME":"ERICK-70 IS EVEN"}
{"ID":"063BB51A-D85C-4EED-9261-AE0DA7B4240D","NAME":"ERICK-72 IS EVEN"}
{"ID":"A36B23B6-9D25-4887-94D3-3F484A442596","NAME":"ERICK-74 IS EVEN"}
{"ID":"4BE11E76-B3EE-43BA-9E2E-EBC01A5CB508","NAME":"ERICK-76 IS EVEN"}
{"ID":"5D7B55D0-B7BB-4EC5-9C60-4D31D1D3FE47","NAME":"ERICK-78 IS EVEN"}
{"ID":"E40172E4-9F24-4D2C-8873-1DBB1722D753","NAME":"ERICK-80 IS EVEN"}
{"ID":"6F7503A9-F828-4E82-B122-EEE6EECAD2F0","NAME":"ERICK-82 IS EVEN"}
{"ID":"CF3DC8AD-5FEF-40B7-A11D-ACDBD98DBE7E","NAME":"ERICK-84 IS EVEN"}
{"ID":"8D5C7F66-F799-4C86-ACF3-9B871EA8F4A4","NAME":"ERICK-86 IS EVEN"}
{"ID":"633F2A35-EE44-4938-B268-073B3C6EA043","NAME":"ERICK-88 IS EVEN"}
{"ID":"06AA64D1-64B2-4865-B44F-8C05BFF5B40E","NAME":"ERICK-90 IS EVEN"}
{"ID":"4A3E4ABA-BDC6-4AF5-86BD-F3E9D118A41D","NAME":"ERICK-92 IS EVEN"}
{"ID":"D0A6AEEB-3CC8-4C2E-BA86-A7496E2851CC","NAME":"ERICK-94 IS EVEN"}
{"ID":"DAEE3E50-A6B6-45E9-BE9D-4D0750FDD129","NAME":"ERICK-96 IS EVEN"}
{"ID":"C5FAAD56-A4A7-4CBE-9D22-40E9A817BFCA","NAME":"ERICK-98 IS EVEN"}
{"ID":"C6EFDD6E-315C-4593-90A8-CE797DD25D6E","NAME":"ERICK-0 IS EVEN"}
{"ID":"9B95C1D2-F679-4F8E-8006-4ED2EC2A6F46","NAME":"ERICK-2 IS EVEN"}
{"ID":"63A0B321-5CB3-4CBC-B0E1-28ECE9D6C1DF","NAME":"ERICK-4 IS EVEN"}
{"ID":"38E081B3-6873-49EB-B756-F54D7B3A32B2","NAME":"ERICK-6 IS EVEN"}
{"ID":"B0F5CDF4-F18D-416E-A8F2-A4E4348DFB84","NAME":"ERICK-8 IS EVEN"}
{"ID":"DD1F8634-D678-4D4C-8CA6-5B0F4DC1302D","NAME":"ERICK-10 IS EVEN"}
{"ID":"F5453196-5450-4022-9A7B-75EE2B7DD5A5","NAME":"ERICK-12 IS EVEN"}
{"ID":"09E98391-C3D8-4F3A-B198-620E7E265CE5","NAME":"ERICK-14 IS EVEN"}
{"ID":"3695422C-F0E7-4C49-AFE0-BC9EBF539B83","NAME":"ERICK-16 IS EVEN"}
{"ID":"DD34B3C7-2F1B-426B-A659-68041608DFE6","NAME":"ERICK-18 IS EVEN"}
{"ID":"1ED6991F-DF81-48D5-990F-BD8B5DE88178","NAME":"ERICK-20 IS EVEN"}
{"ID":"29A01BD4-C7EA-47A7-87D9-452620495008","NAME":"ERICK-22 IS EVEN"}
{"ID":"66382FB0-6248-4ED0-8D6D-F7921D4E7B91","NAME":"ERICK-24 IS EVEN"}
{"ID":"DA08000F-275B-4634-97F2-F8E7712B6D0E","NAME":"ERICK-26 IS EVEN"}
{"ID":"C5F04764-8FAB-4116-A193-B2ADDD9A4B77","NAME":"ERICK-28 IS EVEN"}
{"ID":"52A826A4-9D04-4547-A682-EC2DD98768C7","NAME":"ERICK-30 IS EVEN"}
{"ID":"2413407A-59C3-4A53-965E-F665DC07A335","NAME":"ERICK-32 IS EVEN"}
{"ID":"497E02B6-62C3-4093-9288-017F9D7AD031","NAME":"ERICK-34 IS EVEN"}
{"ID":"309F4660-8D67-4E45-BA8F-5AEA3D2A45CF","NAME":"ERICK-36 IS EVEN"}
{"ID":"1531623B-34F9-409A-B511-30856632F9BA","NAME":"ERICK-38 IS EVEN"}
{"ID":"CF31F316-78FE-480D-945E-6D05EB7F218C","NAME":"ERICK-40 IS EVEN"}
{"ID":"D3B99D5D-4F91-48A0-96FE-E8961462D822","NAME":"ERICK-42 IS EVEN"}
{"ID":"79CC7FDB-0ED4-47F9-946A-2EE24D09ECE3","NAME":"ERICK-44 IS EVEN"}
{"ID":"A69F906E-2FAD-43CD-B637-969E87A302AA","NAME":"ERICK-46 IS EVEN"}
{"ID":"A9F43D72-D8F8-416D-B13C-5CABB25955E0","NAME":"ERICK-48 IS EVEN"}
{"ID":"19D61713-2114-4017-AE4E-3ACDA76828A2","NAME":"ERICK-50 IS EVEN"}
{"ID":"2B119D4B-662A-4074-89F1-C473300C29BE","NAME":"ERICK-52 IS EVEN"}
{"ID":"8451BB1B-38EE-4F18-85F8-BC219E73F9EB","NAME":"ERICK-54 IS EVEN"}
{"ID":"8610417B-BA8B-4A8B-A69D-CF012A4B2FF3","NAME":"ERICK-56 IS EVEN"}
{"ID":"714FE025-B986-4643-8CD3-8154AB439198","NAME":"ERICK-58 IS EVEN"}
{"ID":"7AAE281A-4016-40AC-A0B5-47B8FCCE1296","NAME":"ERICK-60 IS EVEN"}
{"ID":"4E41D19B-E9BD-4E9C-BEAE-673C0AF62DD4","NAME":"ERICK-62 IS EVEN"}
{"ID":"391F0BFF-C397-4171-8E77-6AD5D76EE91A","NAME":"ERICK-64 IS EVEN"}
{"ID":"C85F4296-26C5-4A75-82FD-DA58CB45B579","NAME":"ERICK-66 IS EVEN"}
{"ID":"7DF65ABE-F0CE-43D0-A86B-98713CC59070","NAME":"ERICK-68 IS EVEN"}
{"ID":"B50F8F91-4E6B-4E61-9BC6-92164A2A8486","NAME":"ERICK-70 IS EVEN"}
{"ID":"1113D010-B266-4513-836B-CFECF6C60E2D","NAME":"ERICK-72 IS EVEN"}
{"ID":"4FB08606-EB77-4FE3-AB21-EEB2AD8A0B5D","NAME":"ERICK-74 IS EVEN"}
{"ID":"5ADEBE5A-09DC-43D2-862B-9364C42666BA","NAME":"ERICK-76 IS EVEN"}
{"ID":"D84FD2FB-1FB9-4841-98AE-5D763768600F","NAME":"ERICK-78 IS EVEN"}
{"ID":"A5B047D2-714E-4F67-B6B3-94313AC13AEF","NAME":"ERICK-80 IS EVEN"}
{"ID":"BA76E5AA-919B-4304-8254-9FCF1E8450E8","NAME":"ERICK-82 IS EVEN"}
{"ID":"5BB396C2-4482-41F3-A7D9-3C05BBE423C4","NAME":"ERICK-84 IS EVEN"}
{"ID":"447DE29D-3392-4370-BC08-D1C2A71E394D","NAME":"ERICK-86 IS EVEN"}
{"ID":"19559816-7C99-4EB0-834C-08778F1B4B77","NAME":"ERICK-88 IS EVEN"}
{"ID":"1770D5EC-BFE8-4AAC-B10D-2A517929D683","NAME":"ERICK-90 IS EVEN"}
{"ID":"B6159E2F-B946-45BB-826B-3DFAD2513A92","NAME":"ERICK-92 IS EVEN"}
{"ID":"C0412FC4-C7D9-403C-A8E5-C3B1A3380FBD","NAME":"ERICK-94 IS EVEN"}
{"ID":"B3F91D75-9DA3-414D-9CDF-49A2A7E931EF","NAME":"ERICK-96 IS EVEN"}
{"ID":"4225165A-28E6-4638-B4E7-D4BD07EC8A6B","NAME":"ERICK-98 IS EVEN"}
{"ID":"E1E01160-EE13-4449-BA74-09ECCCCDF586","NAME":"ERICK-0 IS EVEN","AT":1653059248254}
{"ID":"3F3B7B56-2F29-4D3D-BFD2-B3DFBD68A500","NAME":"ERICK-2 IS EVEN","AT":1653059248254}
{"ID":"45C4D94B-AE24-497B-A551-DEBA331F7209","NAME":"ERICK-4 IS EVEN","AT":1653059248254}
{"ID":"54E30D16-1918-405C-BB97-97759420A80C","NAME":"ERICK-6 IS EVEN","AT":1653059248254}
{"ID":"48CCDAD0-ED39-4E99-81CF-D57C178DBEDB","NAME":"ERICK-8 IS EVEN","AT":1653059248254}
{"ID":"4CD1392A-EE51-4BB8-BBC3-AC5C7F741297","NAME":"ERICK-10 IS EVEN","AT":1653059248255}
{"ID":"C76091B1-7E58-4E61-B9AF-90F69577A943","NAME":"ERICK-12 IS EVEN","AT":1653059248255}
{"ID":"EA85CF44-F6C3-4BA9-99BC-301CD27FFB19","NAME":"ERICK-14 IS EVEN","AT":1653059248255}
{"ID":"99B0D98B-C50A-4626-9EF9-F87654AA582E","NAME":"ERICK-16 IS EVEN","AT":1653059248255}
{"ID":"1430CAC9-572E-4183-8D71-1663FD7CA682","NAME":"ERICK-18 IS EVEN","AT":1653059248255}
{"ID":"70EC1E19-597F-42B7-BC39-4B3A9E5F2090","NAME":"ERICK-20 IS EVEN","AT":1653059248255}
{"ID":"37ED8E64-336F-4640-BDEB-CEB399B7FA97","NAME":"ERICK-22 IS EVEN","AT":1653059248255}
{"ID":"970FA4EF-9FDE-4476-8011-C93A2205B3EE","NAME":"ERICK-24 IS EVEN","AT":1653059248255}
{"ID":"98252EC7-6EF4-40D8-BF91-035009A2277F","NAME":"ERICK-26 IS EVEN","AT":1653059248255}
{"ID":"E9922482-66F5-401C-8C18-B656732DDE57","NAME":"ERICK-28 IS EVEN","AT":1653059248255}
{"ID":"3D782345-629B-47BA-A0FD-A9EFBD7415FB","NAME":"ERICK-30 IS EVEN","AT":1653059248255}
{"ID":"004EA3C6-0049-4393-B920-CD19012F7A37","NAME":"ERICK-32 IS EVEN","AT":1653059248255}
{"ID":"D2AEEA5A-496E-4DC5-B09F-C71357957294","NAME":"ERICK-34 IS EVEN","AT":1653059248255}
{"ID":"7B53196E-78B3-4C8B-AD1D-3F5FA7EBE3AC","NAME":"ERICK-36 IS EVEN","AT":1653059248255}
{"ID":"6774B9A6-B7D0-4194-ABA5-42683956D4FF","NAME":"ERICK-38 IS EVEN","AT":1653059248255}
{"ID":"BF547CDC-45CC-4C10-A23C-E1A81BD0A4ED","NAME":"ERICK-40 IS EVEN","AT":1653059248255}
{"ID":"B2C6E494-4891-437C-8061-D813C355885F","NAME":"ERICK-42 IS EVEN","AT":1653059248255}
{"ID":"B1010B54-47BF-491C-BFF1-CDDF00B325B7","NAME":"ERICK-44 IS EVEN","AT":1653059248255}
{"ID":"2950480E-80EE-40CC-8CA5-B14D3FD0C2B5","NAME":"ERICK-46 IS EVEN","AT":1653059248255}
{"ID":"B543F34A-9485-4F22-A13E-D8C65A52BBE1","NAME":"ERICK-48 IS EVEN","AT":1653059248255}
{"ID":"4269F61F-8F2A-44D1-9C6D-249D450792B1","NAME":"ERICK-50 IS EVEN","AT":1653059248255}
{"ID":"19900544-D074-44B5-B709-8612A1088658","NAME":"ERICK-52 IS EVEN","AT":1653059248255}
{"ID":"FAB07E2E-2ADD-459D-999E-A729209FA7FD","NAME":"ERICK-54 IS EVEN","AT":1653059248255}
{"ID":"8DD2D76D-1509-4ADF-812F-14E2BD0ECA3B","NAME":"ERICK-56 IS EVEN","AT":1653059248255}
{"ID":"13BF4739-1A36-4286-A85B-4265FD0855E9","NAME":"ERICK-58 IS EVEN","AT":1653059248255}
{"ID":"4B81A61B-ACDE-45EA-A2A7-FD281FDAA6C7","NAME":"ERICK-60 IS EVEN","AT":1653059248255}
{"ID":"DCAACCE3-133A-45FC-AE76-BD42184DADAC","NAME":"ERICK-62 IS EVEN","AT":1653059248255}
{"ID":"A68B80CA-A5E7-416D-9798-EF9F389D944B","NAME":"ERICK-64 IS EVEN","AT":1653059248255}
{"ID":"F362B155-072D-48AE-A200-2F2BA2510C99","NAME":"ERICK-66 IS EVEN","AT":1653059248255}
{"ID":"29F50C47-5F1B-4A54-BD4A-86215683AB03","NAME":"ERICK-68 IS EVEN","AT":1653059248255}
{"ID":"95ACC1C0-7ED8-4A2F-A20D-E48C23C11462","NAME":"ERICK-70 IS EVEN","AT":1653059248255}
{"ID":"7D8EF49F-6037-4ABA-83AC-C58D7849B8E4","NAME":"ERICK-72 IS EVEN","AT":1653059248255}
{"ID":"2F073B50-0909-4037-8503-7C73F72EF986","NAME":"ERICK-74 IS EVEN","AT":1653059248255}
{"ID":"FAE28A54-FA16-4B84-A169-8C9A01F86EAA","NAME":"ERICK-76 IS EVEN","AT":1653059248255}
{"ID":"AB8E5352-BE9B-4A06-B2D8-54385118771E","NAME":"ERICK-78 IS EVEN","AT":1653059248255}
{"ID":"561BBBA9-75B3-4234-BF72-BE7D1368CB6A","NAME":"ERICK-80 IS EVEN","AT":1653059248255}
{"ID":"45021339-ED7D-41D0-9096-BD33B00034BA","NAME":"ERICK-82 IS EVEN","AT":1653059248255}
{"ID":"1C967CF3-8E68-4540-836A-A5DE91F84C71","NAME":"ERICK-84 IS EVEN","AT":1653059248255}
{"ID":"C20EAF6B-C549-434A-94D3-45D01AC1531C","NAME":"ERICK-86 IS EVEN","AT":1653059248255}
{"ID":"6CA17714-63B5-451C-8DCE-7D9ADB90AD01","NAME":"ERICK-88 IS EVEN","AT":1653059248255}
{"ID":"92BB5BAA-F521-4EEF-8B20-DE9EFF3EB96C","NAME":"ERICK-90 IS EVEN","AT":1653059248255}
{"ID":"6569A660-C67D-4F41-BC27-D1EEB0141D9B","NAME":"ERICK-92 IS EVEN","AT":1653059248255}
{"ID":"91A30422-1329-41FB-A55E-BDC1DB5DA3A9","NAME":"ERICK-94 IS EVEN","AT":1653059248255}
{"ID":"7716DA9E-69F3-45F6-850D-E0302283098C","NAME":"ERICK-96 IS EVEN","AT":1653059248255}
{"ID":"D70B196A-D4E3-431A-AA10-9DD5BB9E117A","NAME":"ERICK-98 IS EVEN","AT":1653059248255}
{"ID":"BEE92298-2E07-48AB-827B-33AAF480D8C5","NAME":"ERICK-0 IS EVEN","AT":1653059261323}
{"ID":"9F277D7F-2FC9-412C-ABF5-95528B45B178","NAME":"ERICK-2 IS EVEN","AT":1653059261323}
{"ID":"70284228-9468-405E-9E2C-C5C900D0BBE4","NAME":"ERICK-4 IS EVEN","AT":1653059261324}
{"ID":"6DFF209B-A393-4975-9731-7B7804EFC09F","NAME":"ERICK-6 IS EVEN","AT":1653059261324}
{"ID":"2BD79F69-998C-4EE0-A36D-6B9159AF8081","NAME":"ERICK-8 IS EVEN","AT":1653059261324}
{"ID":"1015502E-2BB7-4DCE-A524-3113640F3999","NAME":"ERICK-10 IS EVEN","AT":1653059261324}
{"ID":"EC40B4E2-D036-4C04-AF2B-9F748ACAD3DD","NAME":"ERICK-12 IS EVEN","AT":1653059261324}
{"ID":"61856B31-FF36-4381-858E-621A2FE87190","NAME":"ERICK-14 IS EVEN","AT":1653059261324}
{"ID":"5E924D3C-05F9-4619-BD04-93A985AB47D1","NAME":"ERICK-16 IS EVEN","AT":1653059261324}
{"ID":"3DC1E7A6-E142-46A5-B2A9-B3658ACBA43B","NAME":"ERICK-18 IS EVEN","AT":1653059261324}
{"ID":"8C5E192F-516D-4084-A649-D3B68B955FC3","NAME":"ERICK-20 IS EVEN","AT":1653059261324}
{"ID":"B399E9C7-CE1B-4894-8937-7A83BC2D189D","NAME":"ERICK-22 IS EVEN","AT":1653059261324}
{"ID":"8A6B1FA6-E8D5-4E09-88F1-49056DCC064E","NAME":"ERICK-24 IS EVEN","AT":1653059261324}
{"ID":"3C710E81-7410-4588-9545-73C9E96960C3","NAME":"ERICK-26 IS EVEN","AT":1653059261324}
{"ID":"984C993C-A626-40C6-88E7-D24FD5A6E9CF","NAME":"ERICK-28 IS EVEN","AT":1653059261324}
{"ID":"A188D144-D888-4813-874E-80CEBD136DA4","NAME":"ERICK-30 IS EVEN","AT":1653059261324}
{"ID":"3A38C4E2-CE0E-48F0-A43D-E52BE59C50A6","NAME":"ERICK-32 IS EVEN","AT":1653059261324}
{"ID":"4145F2C2-B035-41F4-B3CA-6F9CE31FDBCD","NAME":"ERICK-34 IS EVEN","AT":1653059261324}
{"ID":"5A0CE489-46D0-422A-8394-DCA2B53CF232","NAME":"ERICK-36 IS EVEN","AT":1653059261324}
{"ID":"693DE0F4-956A-4442-A5A8-ADAFAAAE769A","NAME":"ERICK-38 IS EVEN","AT":1653059261324}
{"ID":"EC22B752-93B9-441D-B4EE-18EADADE33C0","NAME":"ERICK-40 IS EVEN","AT":1653059261324}
{"ID":"5DE797CD-E5EF-42C3-94B8-551D997B8C8A","NAME":"ERICK-42 IS EVEN","AT":1653059261324}
{"ID":"F54986F3-CB67-4DF9-BB41-1D7A16935F9D","NAME":"ERICK-44 IS EVEN","AT":1653059261324}
{"ID":"E7CA145F-584F-42D4-A98E-BE49877EF899","NAME":"ERICK-46 IS EVEN","AT":1653059261324}
{"ID":"AF88BDBC-5DDC-4E5A-9AC1-8313984CCFF2","NAME":"ERICK-48 IS EVEN","AT":1653059261324}
{"ID":"A2FEE35F-FAD0-4977-BE09-17242FC075E5","NAME":"ERICK-50 IS EVEN","AT":1653059261324}
{"ID":"5DDA7E4A-AFFC-445D-A185-DF1B9D19892A","NAME":"ERICK-52 IS EVEN","AT":1653059261324}
{"ID":"DB272B78-4882-4377-9388-D89C46329AB7","NAME":"ERICK-54 IS EVEN","AT":1653059261324}
{"ID":"3F50113C-BB2A-42A0-BBC6-3D16A5035394","NAME":"ERICK-56 IS EVEN","AT":1653059261324}
{"ID":"5187CCC4-DB6E-4DD4-95CB-D94F2E18B7A5","NAME":"ERICK-58 IS EVEN","AT":1653059261324}
{"ID":"A674DE0F-9C31-4C81-8C01-DB7CCB3CF6EE","NAME":"ERICK-60 IS EVEN","AT":1653059261324}
{"ID":"A78F4AC7-9996-404F-956B-DBCD32CEB5D8","NAME":"ERICK-62 IS EVEN","AT":1653059261324}
{"ID":"68BC4A4A-22D9-4422-A7D2-663E4C7D623A","NAME":"ERICK-64 IS EVEN","AT":1653059261324}
{"ID":"E898A3DC-5CD5-4026-94F9-1E2EA8A30089","NAME":"ERICK-66 IS EVEN","AT":1653059261324}
{"ID":"4F11A0C5-82D6-4FD8-B0B8-1E508C6D8BFC","NAME":"ERICK-68 IS EVEN","AT":1653059261324}
{"ID":"9B259041-F27A-44CF-86AA-265C181B84BD","NAME":"ERICK-70 IS EVEN","AT":1653059261324}
{"ID":"1304C22E-67D2-40EA-BDA2-A71C03CECED7","NAME":"ERICK-72 IS EVEN","AT":1653059261324}
{"ID":"EAD8B13B-6C10-4F9A-84EF-39EE462B7889","NAME":"ERICK-74 IS EVEN","AT":1653059261324}
{"ID":"105402E9-CF06-45EB-BDCE-96CA683F3EF7","NAME":"ERICK-76 IS EVEN","AT":1653059261324}
{"ID":"374C7521-B8A9-4349-B3E0-EAAEBB40111C","NAME":"ERICK-78 IS EVEN","AT":1653059261324}
{"ID":"BB52C4D6-E255-45A3-820F-615D626FA800","NAME":"ERICK-80 IS EVEN","AT":1653059261325}
{"ID":"95C404B9-541F-4733-B95A-E80AC104AFFB","NAME":"ERICK-82 IS EVEN","AT":1653059261325}
{"ID":"B6CC355F-8D34-402E-96C6-ACC3DD797B48","NAME":"ERICK-84 IS EVEN","AT":1653059261325}
{"ID":"C028D8F2-A67C-4564-87B8-67711122FA2E","NAME":"ERICK-86 IS EVEN","AT":1653059261325}
{"ID":"ACB1E343-B3F0-4599-A49D-FF70305AC127","NAME":"ERICK-88 IS EVEN","AT":1653059261325}
{"ID":"C396DC66-53AF-474D-AF30-9A6C04B61F92","NAME":"ERICK-90 IS EVEN","AT":1653059261325}
{"ID":"E13904FD-B283-4F80-8AC7-31042CA995BF","NAME":"ERICK-92 IS EVEN","AT":1653059261325}
{"ID":"DF86DE02-4548-47BA-B186-FAB00ABC3BB8","NAME":"ERICK-94 IS EVEN","AT":1653059261325}
{"ID":"14F1F2AF-65B4-4DD2-80B0-F5444B81C768","NAME":"ERICK-96 IS EVEN","AT":1653059261325}
{"ID":"1D9CFC8D-DAE6-4E56-95F1-CE0FB5415450","NAME":"ERICK-98 IS EVEN","AT":1653059261325}
